{"level":"fatal","error":"dial tcp [::1]:5432: connect: connection refused","time":"2021-10-31T09:57:34+01:00","caller":"/home/zigapk/Development/prpo/prpo-auth/internal/database/database.go:38"}
{"level":"fatal","error":"pq: password authentication failed for user \"postgres\"","time":"2021-10-31T09:58:20+01:00","caller":"/home/zigapk/Development/prpo/prpo-auth/internal/database/database.go:38"}
{"level":"fatal","error":"pq: password authentication failed for user \"postgres\"","time":"2021-10-31T09:59:00+01:00","caller":"/home/zigapk/Development/prpo/prpo-auth/internal/database/database.go:38"}
{"level":"fatal","error":"pq: password authentication failed for user \"postgres\"","time":"2021-10-31T10:01:02+01:00","caller":"/home/zigapk/Development/prpo/prpo-auth/internal/database/database.go:38"}
{"level":"fatal","error":"pq: password authentication failed for user \"postgres\"","time":"2021-10-31T10:01:25+01:00","caller":"/home/zigapk/Development/prpo/prpo-auth/internal/database/database.go:38"}
{"level":"fatal","error":"pq: password authentication failed for user \"postgres\"","time":"2021-10-31T10:02:58+01:00","caller":"/home/zigapk/Development/prpo/prpo-auth/internal/database/database.go:38"}
{"level":"info","method":"GET","url":"/asdf","status":200,"size":0,"duration":0.036408,"authenticated":false,"user_id":"","time":"2021-10-31T15:00:16+01:00","caller":"/home/zigapk/Development/prpo/prpo-auth/internal/middleware/middleware.go:36"}
{"level":"info","method":"GET","url":"/asdf","status":200,"size":0,"duration":0.027041,"authenticated":false,"user_id":"","time":"2021-10-31T15:00:20+01:00","caller":"/home/zigapk/Development/prpo/prpo-auth/internal/middleware/middleware.go:36"}
{"level":"info","method":"POST","url":"/authorize","status":200,"size":721,"duration":269.62061,"authenticated":false,"user_id":"","time":"2021-10-31T15:04:26+01:00","caller":"/home/zigapk/Development/prpo/prpo-auth/internal/middleware/middleware.go:36"}
{"level":"info","method":"POST","url":"/authorize","status":400,"size":52,"duration":263.591715,"authenticated":false,"user_id":"","time":"2021-10-31T15:04:42+01:00","caller":"/home/zigapk/Development/prpo/prpo-auth/internal/middleware/middleware.go:36"}
{"level":"info","method":"POST","url":"/authorize","status":200,"size":721,"duration":277.031171,"authenticated":false,"user_id":"","time":"2021-10-31T15:13:59+01:00","caller":"/home/zigapk/Development/prpo/prpo-auth/internal/middleware/middleware.go:36"}
{"level":"warn","error":"pq: duplicate key value violates unique constraint \"users_email_key\"","time":"2021-10-31T15:14:10+01:00","caller":"/home/zigapk/Development/prpo/prpo-auth/internal/handle/user.go:36"}
{"level":"info","method":"POST","url":"/users","status":500,"size":47,"duration":263.64496,"authenticated":false,"user_id":"","time":"2021-10-31T15:14:10+01:00","caller":"/home/zigapk/Development/prpo/prpo-auth/internal/middleware/middleware.go:36"}
{"level":"info","method":"POST","url":"/users","status":200,"size":202,"duration":270.72663,"authenticated":false,"user_id":"","time":"2021-10-31T15:14:33+01:00","caller":"/home/zigapk/Development/prpo/prpo-auth/internal/middleware/middleware.go:36"}
{"level":"info","method":"POST","url":"/authorize","status":0,"size":0,"duration":0.040496,"authenticated":false,"user_id":"","time":"2021-10-31T15:15:43+01:00","caller":"/home/zigapk/Development/prpo/prpo-auth/internal/middleware/middleware.go:36"}
{"level":"info","method":"POST","url":"/authorize","status":0,"size":0,"duration":0.040276,"authenticated":false,"user_id":"","time":"2021-10-31T15:16:09+01:00","caller":"/home/zigapk/Development/prpo/prpo-auth/internal/middleware/middleware.go:36"}
{"level":"info","method":"POST","url":"/authorize","status":0,"size":0,"duration":0.035677,"authenticated":false,"user_id":"","time":"2021-10-31T15:16:23+01:00","caller":"/home/zigapk/Development/prpo/prpo-auth/internal/middleware/middleware.go:36"}
{"level":"info","method":"POST","url":"/authorize","status":0,"size":0,"duration":0.073257,"authenticated":false,"user_id":"","time":"2021-10-31T15:19:11+01:00","caller":"/home/zigapk/Development/prpo/prpo-auth/internal/middleware/middleware.go:36"}
{"level":"fatal","error":"pq: duplicate key value violates unique constraint \"users_email_key\"","time":"2021-10-31T15:20:29+01:00","caller":"/home/zigapk/Development/prpo/prpo-auth/internal/cmd/createuser.go:44"}
{"level":"warn","error":"pq: duplicate key value violates unique constraint \"users_email_key\"","time":"2021-10-31T15:21:20+01:00","caller":"/home/zigapk/Development/prpo/prpo-auth/internal/handle/user.go:36"}
{"level":"info","method":"POST","url":"/users","status":500,"size":47,"duration":266.342122,"authenticated":false,"user_id":"","time":"2021-10-31T15:21:20+01:00","caller":"/home/zigapk/Development/prpo/prpo-auth/internal/middleware/middleware.go:36"}
{"level":"warn","error":"pq: duplicate key value violates unique constraint \"users_email_key\"","time":"2021-10-31T15:21:20+01:00","caller":"/home/zigapk/Development/prpo/prpo-auth/internal/handle/user.go:36"}
{"level":"info","method":"POST","url":"/users","status":500,"size":47,"duration":263.923612,"authenticated":false,"user_id":"","time":"2021-10-31T15:21:20+01:00","caller":"/home/zigapk/Development/prpo/prpo-auth/internal/middleware/middleware.go:36"}
{"level":"info","method":"POST","url":"/authorize","status":0,"size":0,"duration":0.077736,"authenticated":false,"user_id":"","time":"2021-10-31T15:21:28+01:00","caller":"/home/zigapk/Development/prpo/prpo-auth/internal/middleware/middleware.go:36"}
{"level":"info","method":"POST","url":"/authorize","status":200,"size":721,"duration":267.245898,"authenticated":false,"user_id":"","time":"2021-10-31T15:21:40+01:00","caller":"/home/zigapk/Development/prpo/prpo-auth/internal/middleware/middleware.go:36"}
{"level":"info","method":"POST","url":"/authorize","status":400,"size":52,"duration":0.848894,"authenticated":false,"user_id":"","time":"2021-10-31T15:21:46+01:00","caller":"/home/zigapk/Development/prpo/prpo-auth/internal/middleware/middleware.go:36"}
{"level":"info","method":"POST","url":"/authorize","status":0,"size":0,"duration":0.041658,"authenticated":false,"user_id":"","time":"2021-10-31T15:21:51+01:00","caller":"/home/zigapk/Development/prpo/prpo-auth/internal/middleware/middleware.go:36"}
{"level":"info","method":"POST","url":"/authorize","status":200,"size":721,"duration":271.927424,"authenticated":false,"user_id":"","time":"2021-10-31T15:21:53+01:00","caller":"/home/zigapk/Development/prpo/prpo-auth/internal/middleware/middleware.go:36"}
{"level":"info","method":"POST","url":"/authorize","status":200,"size":721,"duration":272.769624,"authenticated":false,"user_id":"","time":"2021-10-31T15:21:57+01:00","caller":"/home/zigapk/Development/prpo/prpo-auth/internal/middleware/middleware.go:36"}
{"level":"info","method":"GET","url":"/users/1","status":401,"size":46,"duration":0.056186,"authenticated":false,"user_id":"","time":"2021-10-31T15:23:07+01:00","caller":"/home/zigapk/Development/prpo/prpo-auth/internal/middleware/middleware.go:36"}
{"level":"info","method":"GET","url":"/users/1","status":403,"size":56,"duration":0.025728,"authenticated":true,"user_id":"e476897b-0fe6-4e60-82ab-54da42a89c88","time":"2021-10-31T15:24:30+01:00","caller":"/home/zigapk/Development/prpo/prpo-auth/internal/middleware/middleware.go:36"}
{"level":"info","method":"GET","url":"/users/2","status":403,"size":56,"duration":0.025959,"authenticated":true,"user_id":"e476897b-0fe6-4e60-82ab-54da42a89c88","time":"2021-10-31T15:24:34+01:00","caller":"/home/zigapk/Development/prpo/prpo-auth/internal/middleware/middleware.go:36"}
{"level":"info","method":"GET","url":"/users/2","status":403,"size":56,"duration":0.027181,"authenticated":true,"user_id":"e476897b-0fe6-4e60-82ab-54da42a89c88","time":"2021-10-31T15:24:35+01:00","caller":"/home/zigapk/Development/prpo/prpo-auth/internal/middleware/middleware.go:36"}
{"level":"info","method":"GET","url":"/users/3","status":403,"size":56,"duration":0.037891,"authenticated":true,"user_id":"e476897b-0fe6-4e60-82ab-54da42a89c88","time":"2021-10-31T15:24:39+01:00","caller":"/home/zigapk/Development/prpo/prpo-auth/internal/middleware/middleware.go:36"}
{"level":"info","method":"GET","url":"/users/0","status":403,"size":56,"duration":0.02617,"authenticated":true,"user_id":"e476897b-0fe6-4e60-82ab-54da42a89c88","time":"2021-10-31T15:24:41+01:00","caller":"/home/zigapk/Development/prpo/prpo-auth/internal/middleware/middleware.go:36"}
{"level":"info","method":"POST","url":"/authorize","status":200,"size":721,"duration":272.404519,"authenticated":true,"user_id":"e476897b-0fe6-4e60-82ab-54da42a89c88","time":"2021-10-31T15:25:18+01:00","caller":"/home/zigapk/Development/prpo/prpo-auth/internal/middleware/middleware.go:36"}
{"level":"info","method":"GET","url":"/users/0","status":403,"size":56,"duration":0.033092,"authenticated":true,"user_id":"cfd34f4b-67a4-463b-a28e-bf0005c93521","time":"2021-10-31T15:25:46+01:00","caller":"/home/zigapk/Development/prpo/prpo-auth/internal/middleware/middleware.go:36"}
{"level":"info","method":"GET","url":"/users/0","status":403,"size":56,"duration":0.054231,"authenticated":true,"user_id":"cfd34f4b-67a4-463b-a28e-bf0005c93521","time":"2021-10-31T15:26:30+01:00","caller":"/home/zigapk/Development/prpo/prpo-auth/internal/middleware/middleware.go:36"}
{"level":"info","method":"GET","url":"/users/cfd34f4b-67a4-463b-a28e-bf0005c93521","status":200,"size":213,"duration":5.42955,"authenticated":true,"user_id":"cfd34f4b-67a4-463b-a28e-bf0005c93521","time":"2021-10-31T15:26:43+01:00","caller":"/home/zigapk/Development/prpo/prpo-auth/internal/middleware/middleware.go:36"}
{"level":"info","method":"GET","url":"/signing_key?order_direction=desc&offset=0&limit=20","status":200,"size":451,"duration":0.072807,"authenticated":false,"user_id":"","time":"2021-10-31T20:49:39+01:00","caller":"/home/zigapk/Development/prpo/prpo-auth/internal/middleware/middleware.go:36"}
{"level":"warn","error":"invalid character '}' looking for beginning of object key string","time":"2021-10-31T20:50:17+01:00","caller":"/home/zigapk/Development/prpo/prpo-auth/internal/util/parse_json.go:15"}
{"level":"info","method":"POST","url":"/authorize?order_direction=desc&offset=0&limit=20","status":400,"size":45,"duration":0.18102,"authenticated":false,"user_id":"","time":"2021-10-31T20:50:17+01:00","caller":"/home/zigapk/Development/prpo/prpo-auth/internal/middleware/middleware.go:36"}
{"level":"info","method":"POST","url":"/authorize?order_direction=desc&offset=0&limit=20","status":200,"size":721,"duration":278.018774,"authenticated":false,"user_id":"","time":"2021-10-31T20:50:21+01:00","caller":"/home/zigapk/Development/prpo/prpo-auth/internal/middleware/middleware.go:36"}
{"level":"info","method":"PUT","url":"/change_password?order_direction=desc&offset=0&limit=20","status":400,"size":53,"duration":241.43969,"authenticated":true,"user_id":"cfd34f4b-67a4-463b-a28e-bf0005c93521","time":"2021-10-31T20:52:24+01:00","caller":"/home/zigapk/Development/prpo/prpo-auth/internal/middleware/middleware.go:36"}
{"level":"warn","error":"dial tcp [::1]:5432: connect: connection refused","time":"2021-10-31T20:52:30+01:00","caller":"/home/zigapk/Development/prpo/prpo-auth/internal/handle/password_change.go:41"}
{"level":"info","method":"PUT","url":"/change_password?order_direction=desc&offset=0&limit=20","status":500,"size":47,"duration":0.777248,"authenticated":true,"user_id":"cfd34f4b-67a4-463b-a28e-bf0005c93521","time":"2021-10-31T20:52:30+01:00","caller":"/home/zigapk/Development/prpo/prpo-auth/internal/middleware/middleware.go:36"}
{"level":"info","method":"POST","url":"/authorize?order_direction=desc&offset=0&limit=20","status":200,"size":721,"duration":256.166951,"authenticated":false,"user_id":"","time":"2021-10-31T20:52:56+01:00","caller":"/home/zigapk/Development/prpo/prpo-auth/internal/middleware/middleware.go:36"}
{"level":"info","method":"PUT","url":"/change_password?order_direction=desc&offset=0&limit=20","status":204,"size":0,"duration":428.12856,"authenticated":true,"user_id":"cfd34f4b-67a4-463b-a28e-bf0005c93521","time":"2021-10-31T20:53:11+01:00","caller":"/home/zigapk/Development/prpo/prpo-auth/internal/middleware/middleware.go:36"}
{"level":"info","method":"POST","url":"/authorize?order_direction=desc&offset=0&limit=20","status":400,"size":52,"duration":262.894358,"authenticated":false,"user_id":"","time":"2021-10-31T20:53:33+01:00","caller":"/home/zigapk/Development/prpo/prpo-auth/internal/middleware/middleware.go:36"}
{"level":"info","method":"POST","url":"/authorize?order_direction=desc&offset=0&limit=20","status":200,"size":721,"duration":267.923266,"authenticated":false,"user_id":"","time":"2021-10-31T20:53:37+01:00","caller":"/home/zigapk/Development/prpo/prpo-auth/internal/middleware/middleware.go:36"}
{"level":"info","method":"PUT","url":"/change_password?order_direction=desc&offset=0&limit=20","status":204,"size":0,"duration":470.74214,"authenticated":true,"user_id":"cfd34f4b-67a4-463b-a28e-bf0005c93521","time":"2021-10-31T20:53:43+01:00","caller":"/home/zigapk/Development/prpo/prpo-auth/internal/middleware/middleware.go:36"}
{"level":"info","method":"POST","url":"/authorize?order_direction=desc&offset=0&limit=20","status":200,"size":721,"duration":266.841606,"authenticated":false,"user_id":"","time":"2021-10-31T20:53:49+01:00","caller":"/home/zigapk/Development/prpo/prpo-auth/internal/middleware/middleware.go:36"}
{"level":"info","method":"POST","url":"/authorize?order_direction=desc&offset=0&limit=20","status":200,"size":0,"duration":3.849004,"authenticated":false,"user_id":"","time":"2021-10-31T20:54:36+01:00","caller":"/home/zigapk/Development/prpo/prpo-auth/internal/middleware/middleware.go:36"}
{"level":"info","method":"POST","url":"/authorize?order_direction=desc&offset=0&limit=20","status":200,"size":0,"duration":11.113179,"authenticated":false,"user_id":"","time":"2021-10-31T20:56:05+01:00","caller":"/home/zigapk/Development/prpo/prpo-auth/internal/middleware/middleware.go:36"}
{"level":"info","method":"POST","url":"/authorize?order_direction=desc&offset=0&limit=20","status":200,"size":0,"duration":6.237147,"authenticated":false,"user_id":"","time":"2021-10-31T20:56:43+01:00","caller":"/home/zigapk/Development/prpo/prpo-auth/internal/middleware/middleware.go:36"}
{"level":"info","method":"POST","url":"/authorize?order_direction=desc&offset=0&limit=20","status":200,"size":0,"duration":8.215483,"authenticated":false,"user_id":"","time":"2021-10-31T20:57:19+01:00","caller":"/home/zigapk/Development/prpo/prpo-auth/internal/middleware/middleware.go:36"}
{"level":"info","method":"POST","url":"/authorize?order_direction=desc&offset=0&limit=20","status":200,"size":0,"duration":10.027535,"authenticated":false,"user_id":"","time":"2021-10-31T20:57:40+01:00","caller":"/home/zigapk/Development/prpo/prpo-auth/internal/middleware/middleware.go:36"}
{"level":"info","method":"POST","url":"/authorize?order_direction=desc&offset=0&limit=20","status":200,"size":530,"duration":9.984974,"authenticated":false,"user_id":"","time":"2021-10-31T20:57:53+01:00","caller":"/home/zigapk/Development/prpo/prpo-auth/internal/middleware/middleware.go:36"}
